<?xml version="1.0" encoding="UTF-8"?>
<!-- Generated by org.testng.reporters.JUnitXMLReporter -->
<testsuite hostname="DESKTOP-IVD4AC9" ignored="4" name="Test" tests="5" failures="0" timestamp="2020-04-06T13:14:27 CEST" time="217.577" errors="0">
  <testcase name="tc1" time="9.794" classname="TestCases.TestCase1"/>
  <testcase name="tc2" time="6.073" classname="TestCases.TestCase2"/>
  <testcase name="tc3" time="11.65" classname="TestCases.TestCase3"/>
  <testcase name="tc4" time="11.026" classname="TestCases.TestCase4"/>
  <testcase name="tc5" time="14.861" classname="TestCases.TestCase5"/>
  <testcase name="@BeforeTest killAllNodes" time="0.0" classname="TestCases.BaseClass">
    <ignored/>
  </testcase> <!-- @BeforeTest killAllNodes -->
  <testcase name="@BeforeTest killAllNodes" time="0.0" classname="TestCases.BaseClass">
    <ignored/>
  </testcase> <!-- @BeforeTest killAllNodes -->
  <testcase name="@BeforeTest killAllNodes" time="0.0" classname="TestCases.BaseClass">
    <ignored/>
  </testcase> <!-- @BeforeTest killAllNodes -->
  <testcase name="@BeforeTest killAllNodes" time="0.0" classname="TestCases.BaseClass">
    <ignored/>
  </testcase> <!-- @BeforeTest killAllNodes -->
</testsuite> <!-- Test -->
